Date: 2021-12-20 16:04
SG Backup version: 1.0.0
OS: Linux
Server: Apache/2.4.51 (Unix)
User agent: Mozilla/5.0 (Windows NT 10.0; Win64; x64) AppleWebKit/537.36 (KHTML, like Gecko) Chrome/96.0.4664.110 Safari/537.36
PHP version: 5.6.40
SAPI: apache2handler
Codepage: C
Int size: 8
Int lib: gmp
Memory limit: 268435456
Max execution time: 0
Environment: Wordpress 4.2.30
Backup type: files,database

2021-12-20 16:04: Start backup
2021-12-20 16:04: Start backup database
2021-12-20 16:04: Total tables to backup: 14
2021-12-20 16:04: Total rows to backup: 1487
2021-12-20 16:04: Start backup table: ts_redirects
2021-12-20 16:04: End backup table: ts_redirects
2021-12-20 16:04: Start backup table: wp_commentmeta
2021-12-20 16:04: End backup table: wp_commentmeta
2021-12-20 16:04: Start backup table: wp_comments
2021-12-20 16:04: End backup table: wp_comments
2021-12-20 16:04: Start backup table: wp_links
2021-12-20 16:04: End backup table: wp_links
2021-12-20 16:04: Start backup table: wp_options
2021-12-20 16:04: End backup table: wp_options
2021-12-20 16:04: Start backup table: wp_postmeta
2021-12-20 16:04: End backup table: wp_postmeta
2021-12-20 16:04: Start backup table: wp_posts
2021-12-20 16:04: End backup table: wp_posts
2021-12-20 16:04: Start backup table: wp_redirects
2021-12-20 16:04: End backup table: wp_redirects
2021-12-20 16:04: Start backup table: wp_term_relationships
2021-12-20 16:04: End backup table: wp_term_relationships
2021-12-20 16:04: Start backup table: wp_term_taxonomy
2021-12-20 16:04: End backup table: wp_term_taxonomy
2021-12-20 16:04: Start backup table: wp_terms
2021-12-20 16:04: End backup table: wp_terms
2021-12-20 16:04: Start backup table: wp_usermeta
2021-12-20 16:04: End backup table: wp_usermeta
2021-12-20 16:04: Start backup table: wp_users
2021-12-20 16:04: End backup table: wp_users
2021-12-20 16:04: Start backup table: wp_w3tc_cdn_queue
2021-12-20 16:04: End backup table: wp_w3tc_cdn_queue
2021-12-20 16:04: End backup database
2021-12-20 16:04: Start backup files
2021-12-20 16:04: Backup files: wp-content,wp-content/uploads/backup-guard/sg_backup_20211220160442/sg_backup_20211220160442.sql
2021-12-20 16:04: Number of files to backup: 909
2021-12-20 16:04: Start backup file: wp-content
2021-12-20 16:04: End backup file: wp-content
2021-12-20 16:04: Start backup file: wp-content/uploads/backup-guard/sg_backup_20211220160442/sg_backup_20211220160442.sql
2021-12-20 16:04: End backup file: wp-content/uploads/backup-guard/sg_backup_20211220160442/sg_backup_20211220160442.sql
2021-12-20 16:04: End backup files
2021-12-20 16:04: End backup
2021-12-20 16:04: Total duration: 2.00 seconds
2021-12-20 16:04: Memory usage (peak): 13.29 MB
