Date: 2017-03-07 11:24
SG Backup version: 1.0.0
OS: Linux
Server: Apache/2.4.10 (Unix)
User agent: Mozilla/5.0 (Windows NT 6.3; WOW64) AppleWebKit/537.36 (KHTML, like Gecko) Chrome/56.0.2924.87 Safari/537.36
PHP version: 5.6.30
SAPI: apache2handler
Codepage: C
Int size: 8
Int lib: gmp
Memory limit: 268435456
Max execution time: 0
Environment: Wordpress 4.2.13
Backup type: files,database

2017-03-07 11:24: Start backup
2017-03-07 11:24: Start backup database
2017-03-07 11:24: Total tables to backup: 14
2017-03-07 11:24: Total rows to backup: 1294
2017-03-07 11:24: Start backup table: ts_redirects
2017-03-07 11:24: End backup table: ts_redirects
2017-03-07 11:24: Start backup table: wp_commentmeta
2017-03-07 11:24: End backup table: wp_commentmeta
2017-03-07 11:24: Start backup table: wp_comments
2017-03-07 11:24: End backup table: wp_comments
2017-03-07 11:24: Start backup table: wp_links
2017-03-07 11:24: End backup table: wp_links
2017-03-07 11:24: Start backup table: wp_options
2017-03-07 11:24: End backup table: wp_options
2017-03-07 11:24: Start backup table: wp_postmeta
2017-03-07 11:24: End backup table: wp_postmeta
2017-03-07 11:24: Start backup table: wp_posts
2017-03-07 11:24: End backup table: wp_posts
2017-03-07 11:24: Start backup table: wp_redirects
2017-03-07 11:24: End backup table: wp_redirects
2017-03-07 11:24: Start backup table: wp_term_relationships
2017-03-07 11:24: End backup table: wp_term_relationships
2017-03-07 11:24: Start backup table: wp_term_taxonomy
2017-03-07 11:24: End backup table: wp_term_taxonomy
2017-03-07 11:24: Start backup table: wp_terms
2017-03-07 11:24: End backup table: wp_terms
2017-03-07 11:24: Start backup table: wp_usermeta
2017-03-07 11:24: End backup table: wp_usermeta
2017-03-07 11:24: Start backup table: wp_users
2017-03-07 11:24: End backup table: wp_users
2017-03-07 11:24: Start backup table: wp_w3tc_cdn_queue
2017-03-07 11:24: End backup table: wp_w3tc_cdn_queue
2017-03-07 11:24: End backup database
2017-03-07 11:24: Start backup files
2017-03-07 11:24: Backup files: wp-content,wp-content/uploads/backup-guard/sg_backup_20170307112442/sg_backup_20170307112442.sql
2017-03-07 11:24: Number of files to backup: 864
2017-03-07 11:24: Start backup file: wp-content
2017-03-07 11:24: End backup file: wp-content
2017-03-07 11:24: Start backup file: wp-content/uploads/backup-guard/sg_backup_20170307112442/sg_backup_20170307112442.sql
2017-03-07 11:24: End backup file: wp-content/uploads/backup-guard/sg_backup_20170307112442/sg_backup_20170307112442.sql
2017-03-07 11:24: End backup files
2017-03-07 11:24: End backup
2017-03-07 11:24: Total duration: 2.00 seconds
2017-03-07 11:24: Memory usage (peak): 12.14 MB
