Date: 2016-07-05 13:50
SG Backup version: 1.0.0
OS: Linux
Server: Apache/2.4.10 (Unix)
User agent: Mozilla/5.0 (Windows NT 6.3; WOW64) AppleWebKit/537.36 (KHTML, like Gecko) Chrome/51.0.2704.103 Safari/537.36
PHP version: 5.5.34
SAPI: apache2handler
Codepage: C
Int size: 8
Int lib: gmp
Memory limit: 268435456
Max execution time: 600
Environment: Wordpress 4.2.9
Backup type: files,database

2016-07-05 13:50: Start backup
2016-07-05 13:50: Start backup database
2016-07-05 13:50: Total tables to backup: 14
2016-07-05 13:50: Total rows to backup: 1012
2016-07-05 13:50: Start backup table: ts_redirects
2016-07-05 13:50: End backup table: ts_redirects
2016-07-05 13:50: Start backup table: wp_commentmeta
2016-07-05 13:50: End backup table: wp_commentmeta
2016-07-05 13:50: Start backup table: wp_comments
2016-07-05 13:50: End backup table: wp_comments
2016-07-05 13:50: Start backup table: wp_links
2016-07-05 13:50: End backup table: wp_links
2016-07-05 13:50: Start backup table: wp_options
2016-07-05 13:50: End backup table: wp_options
2016-07-05 13:50: Start backup table: wp_postmeta
2016-07-05 13:50: End backup table: wp_postmeta
2016-07-05 13:50: Start backup table: wp_posts
2016-07-05 13:50: End backup table: wp_posts
2016-07-05 13:50: Start backup table: wp_redirects
2016-07-05 13:50: End backup table: wp_redirects
2016-07-05 13:50: Start backup table: wp_term_relationships
2016-07-05 13:50: End backup table: wp_term_relationships
2016-07-05 13:50: Start backup table: wp_term_taxonomy
2016-07-05 13:50: End backup table: wp_term_taxonomy
2016-07-05 13:50: Start backup table: wp_terms
2016-07-05 13:50: End backup table: wp_terms
2016-07-05 13:50: Start backup table: wp_usermeta
2016-07-05 13:50: End backup table: wp_usermeta
2016-07-05 13:50: Start backup table: wp_users
2016-07-05 13:50: End backup table: wp_users
2016-07-05 13:50: Start backup table: wp_w3tc_cdn_queue
2016-07-05 13:50: End backup table: wp_w3tc_cdn_queue
2016-07-05 13:50: End backup database
2016-07-05 13:50: Start backup files
2016-07-05 13:50: Backup files: wp-content,wp-content/uploads/backup-guard/sg_backup_20160705135037/sg_backup_20160705135037.sql
2016-07-05 13:50: Number of files to backup: 1274
2016-07-05 13:50: Start backup file: wp-content
2016-07-05 13:50: End backup file: wp-content
2016-07-05 13:50: Start backup file: wp-content/uploads/backup-guard/sg_backup_20160705135037/sg_backup_20160705135037.sql
2016-07-05 13:50: End backup file: wp-content/uploads/backup-guard/sg_backup_20160705135037/sg_backup_20160705135037.sql
2016-07-05 13:50: End backup files
2016-07-05 13:50: End backup
2016-07-05 13:50: Total duration: 1.00 seconds
2016-07-05 13:50: Memory usage (peak): 12.07 MB
